2019-07-05 13:41:56,417 INFO  [Log] **************************************************************************************** 
2019-07-05 13:41:56,417 INFO  [Log] **************************************************************************************** 
2019-07-05 13:41:56,418 INFO  [Log] $$$$$$$$$$$$$$$$$$$$$                 TC_Login       $$$$$$$$$$$$$$$$$$$$$$$$$ 
2019-07-05 13:41:56,418 INFO  [Log] **************************************************************************************** 
2019-07-05 13:41:56,418 INFO  [Log] **************************************************************************************** 
2019-07-05 13:42:09,002 INFO  [Log] Enter Username webelement found 
2019-07-05 13:42:09,251 INFO  [Log] Enter Password webelement found 
2019-07-05 13:42:09,413 INFO  [Log] Login Button found 
2019-07-05 13:42:21,436 INFO  [Log] Edit button found 
2019-07-05 13:42:22,623 INFO  [Log] First name text box found 
2019-07-05 13:42:22,846 INFO  [Log] Last name text box found 
2019-07-05 13:42:22,951 INFO  [Log] Save button found 
2019-07-05 13:55:22,775 INFO  [Log] **************************************************************************************** 
2019-07-05 13:55:22,776 INFO  [Log] **************************************************************************************** 
2019-07-05 13:55:22,776 INFO  [Log] $$$$$$$$$$$$$$$$$$$$$                 TC_Login       $$$$$$$$$$$$$$$$$$$$$$$$$ 
2019-07-05 13:55:22,776 INFO  [Log] **************************************************************************************** 
2019-07-05 13:55:22,776 INFO  [Log] **************************************************************************************** 
2019-07-05 13:55:24,791 INFO  [Log] Opened Chrome 
2019-07-05 13:55:49,991 INFO  [Log] Hit flipkart.com 
2019-07-05 13:55:50,550 INFO  [Log] Enter Username webelement found 
2019-07-05 13:55:50,550 INFO  [Log] Entered username 
2019-07-05 13:55:50,844 INFO  [Log] Enter Password webelement found 
2019-07-05 13:55:50,844 INFO  [Log] Entered password 
2019-07-05 13:55:51,033 INFO  [Log] Login Button found 
2019-07-05 13:55:51,033 INFO  [Log] Clicked on Login Button 
2019-07-05 13:56:03,508 INFO  [Log] Clicked on My Profile section 
2019-07-05 13:56:05,665 INFO  [Log] Edit button found 
2019-07-05 13:56:06,868 INFO  [Log] First name text box found 
2019-07-05 13:56:07,119 INFO  [Log] Last name text box found 
2019-07-05 13:56:07,256 INFO  [Log] Save button found 
2019-07-05 13:59:33,657 INFO  [Log] **************************************************************************************** 
2019-07-05 13:59:33,658 INFO  [Log] **************************************************************************************** 
2019-07-05 13:59:33,659 INFO  [Log] $$$$$$$$$$$$$$$$$$$$$                 TC_Login,TC_MyProfile       $$$$$$$$$$$$$$$$$$$$$$$$$ 
2019-07-05 13:59:33,659 INFO  [Log] **************************************************************************************** 
2019-07-05 13:59:33,660 INFO  [Log] **************************************************************************************** 
2019-07-05 13:59:35,773 INFO  [Log] Opened Chrome 
2019-07-05 14:00:08,996 INFO  [Log] Hit flipkart.com 
2019-07-05 14:00:09,920 INFO  [Log] Enter Username webelement found 
2019-07-05 14:00:09,921 INFO  [Log] Entered username 
2019-07-05 14:00:10,336 INFO  [Log] Enter Password webelement found 
2019-07-05 14:00:10,336 INFO  [Log] Entered password 
2019-07-05 14:00:10,574 INFO  [Log] Login Button found 
2019-07-05 14:00:10,574 INFO  [Log] Clicked on Login Button 
2019-07-05 16:17:36,743 INFO  [Log] **************************************************************************************** 
2019-07-05 16:17:36,744 INFO  [Log] **************************************************************************************** 
2019-07-05 16:17:36,744 INFO  [Log] $$$$$$$$$$$$$$$$$$$$$                 TC_Login       $$$$$$$$$$$$$$$$$$$$$$$$$ 
2019-07-05 16:17:36,744 INFO  [Log] **************************************************************************************** 
2019-07-05 16:17:36,744 INFO  [Log] **************************************************************************************** 
2019-07-05 16:17:40,666 INFO  [Log] Opened Chrome 
2019-07-05 16:19:06,528 INFO  [Log] Hit flipkart.com 
2019-07-05 17:36:14,730 INFO  [Log] **************************************************************************************** 
2019-07-05 17:36:14,730 INFO  [Log] **************************************************************************************** 
2019-07-05 17:36:14,730 INFO  [Log] $$$$$$$$$$$$$$$$$$$$$                 TC_Login       $$$$$$$$$$$$$$$$$$$$$$$$$ 
2019-07-05 17:36:14,730 INFO  [Log] **************************************************************************************** 
2019-07-05 17:36:14,730 INFO  [Log] **************************************************************************************** 
2019-07-05 17:36:16,634 INFO  [Log] Opened Chrome 
2019-07-05 17:36:28,668 INFO  [Log] Hit flipkart.com 
2019-07-05 17:36:29,094 INFO  [Log] Enter Username webelement found 
2019-07-05 17:36:29,094 INFO  [Log] Entered username 
2019-07-05 17:36:29,379 INFO  [Log] Enter Password webelement found 
2019-07-05 17:36:29,379 INFO  [Log] Entered password 
2019-07-05 17:36:29,541 INFO  [Log] Login Button found 
2019-07-05 17:36:29,541 INFO  [Log] Clicked on Login Button 
2019-07-05 17:36:34,866 INFO  [Log] Clicked on My Profile section 
2019-07-05 17:36:37,288 INFO  [Log] Edit button found 
2019-07-05 17:36:38,529 INFO  [Log] First name text box found 
2019-07-05 17:36:38,721 INFO  [Log] Last name text box found 
2019-07-05 17:36:38,846 INFO  [Log] Save button found 
2019-07-06 17:40:03,109 INFO  [Log] **************************************************************************************** 
2019-07-06 17:40:03,110 INFO  [Log] **************************************************************************************** 
2019-07-06 17:40:03,110 INFO  [Log] $$$$$$$$$$$$$$$$$$$$$                 TC_Login       $$$$$$$$$$$$$$$$$$$$$$$$$ 
2019-07-06 17:40:03,110 INFO  [Log] **************************************************************************************** 
2019-07-06 17:40:03,110 INFO  [Log] **************************************************************************************** 
2019-07-06 17:40:05,375 INFO  [Log] Opened Chrome 
2019-07-06 17:40:34,779 INFO  [Log] Hit flipkart.com 
2019-07-06 17:40:35,600 INFO  [Log] Enter Username webelement found 
2019-07-06 17:40:35,600 INFO  [Log] Entered username 
2019-07-06 17:40:35,882 INFO  [Log] Enter Password webelement found 
2019-07-06 17:40:35,882 INFO  [Log] Entered password 
2019-07-06 17:40:36,073 INFO  [Log] Login Button found 
2019-07-06 17:40:36,073 INFO  [Log] Clicked on Login Button 
2019-07-06 17:40:43,905 INFO  [Log] Clicked on My Profile section 
2019-07-06 17:40:46,214 INFO  [Log] Edit button found 
2019-07-06 17:40:47,482 INFO  [Log] First name text box found 
2019-07-06 17:40:47,704 INFO  [Log] Last name text box found 
2019-07-06 17:40:47,867 INFO  [Log] Save button found 
2019-07-07 21:41:37,287 INFO  [Log] **************************************************************************************** 
2019-07-07 21:41:37,287 INFO  [Log] **************************************************************************************** 
2019-07-07 21:41:37,287 INFO  [Log] $$$$$$$$$$$$$$$$$$$$$                 TC_Login       $$$$$$$$$$$$$$$$$$$$$$$$$ 
2019-07-07 21:41:37,287 INFO  [Log] **************************************************************************************** 
2019-07-07 21:41:37,287 INFO  [Log] **************************************************************************************** 
2019-07-07 21:41:39,469 INFO  [Log] Opened Chrome 
2019-07-07 21:41:49,555 INFO  [Log] Hit flipkart.com 
2019-07-07 21:41:50,107 INFO  [Log] Enter Username webelement found 
2019-07-07 21:41:50,107 INFO  [Log] Entered username 
2019-07-07 21:41:50,348 INFO  [Log] Enter Password webelement found 
2019-07-07 21:41:50,348 INFO  [Log] Entered password 
2019-07-07 21:41:50,506 INFO  [Log] Login Button found 
2019-07-07 21:41:50,507 INFO  [Log] Clicked on Login Button 
2019-07-07 21:41:56,086 INFO  [Log] Clicked on My Profile section 
2019-07-07 21:41:58,232 INFO  [Log] Edit button found 
2019-07-07 21:41:59,437 INFO  [Log] First name text box found 
2019-07-07 21:41:59,675 INFO  [Log] Last name text box found 
2019-07-07 21:41:59,799 INFO  [Log] Save button found 
2019-07-08 00:41:57,853 INFO  [Log] **************************************************************************************** 
2019-07-08 00:41:57,854 INFO  [Log] **************************************************************************************** 
2019-07-08 00:41:57,854 INFO  [Log] $$$$$$$$$$$$$$$$$$$$$                 TC_Login       $$$$$$$$$$$$$$$$$$$$$$$$$ 
2019-07-08 00:41:57,854 INFO  [Log] **************************************************************************************** 
2019-07-08 00:41:57,854 INFO  [Log] **************************************************************************************** 
2019-07-08 00:42:00,171 INFO  [Log] Opened Chrome 
2019-07-08 00:42:04,526 INFO  [Log] Hit flipkart.com 
2019-07-08 00:42:05,048 INFO  [Log] Enter Username webelement found 
2019-07-08 00:42:05,048 INFO  [Log] Entered username 
2019-07-08 00:42:05,281 INFO  [Log] Enter Password webelement found 
2019-07-08 00:42:05,281 INFO  [Log] Entered password 
2019-07-08 00:42:05,459 INFO  [Log] Login Button found 
2019-07-08 00:42:05,460 INFO  [Log] Clicked on Login Button 
2019-07-08 00:42:10,766 INFO  [Log] Clicked on My Profile section 
2019-07-08 00:42:12,884 INFO  [Log] Edit button found 
2019-07-08 00:42:14,101 INFO  [Log] First name text box found 
2019-07-08 00:42:14,316 INFO  [Log] Last name text box found 
2019-07-08 00:42:14,448 INFO  [Log] Save button found 
2019-07-08 08:46:07,030 INFO  [Log] **************************************************************************************** 
2019-07-08 08:46:07,042 INFO  [Log] **************************************************************************************** 
2019-07-08 08:46:07,043 INFO  [Log] $$$$$$$$$$$$$$$$$$$$$                 TC_Login       $$$$$$$$$$$$$$$$$$$$$$$$$ 
2019-07-08 08:46:07,043 INFO  [Log] **************************************************************************************** 
2019-07-08 08:46:07,043 INFO  [Log] **************************************************************************************** 
2019-07-08 08:46:26,453 INFO  [Log] Opened Chrome 
2019-07-08 08:46:31,586 INFO  [Log] Hit flipkart.com 
2019-07-08 08:46:32,167 INFO  [Log] Enter Username webelement found 
2019-07-08 08:46:32,167 INFO  [Log] Entered username 
2019-07-08 08:46:32,391 INFO  [Log] Enter Password webelement found 
2019-07-08 08:46:32,391 INFO  [Log] Entered password 
2019-07-08 08:46:32,588 INFO  [Log] Login Button found 
2019-07-08 08:46:32,588 INFO  [Log] Clicked on Login Button 
2019-07-08 08:46:37,877 INFO  [Log] Clicked on My Profile section 
2019-07-08 08:46:39,985 INFO  [Log] Edit button found 
2019-07-08 08:46:41,268 INFO  [Log] First name text box found 
2019-07-08 08:46:41,468 INFO  [Log] Last name text box found 
2019-07-08 08:46:41,609 INFO  [Log] Save button found 
2019-07-08 14:55:24,047 INFO  [Log] **************************************************************************************** 
2019-07-08 14:55:24,057 INFO  [Log] **************************************************************************************** 
2019-07-08 14:55:24,057 INFO  [Log] $$$$$$$$$$$$$$$$$$$$$                 TC_Login       $$$$$$$$$$$$$$$$$$$$$$$$$ 
2019-07-08 14:55:24,058 INFO  [Log] **************************************************************************************** 
2019-07-08 14:55:24,058 INFO  [Log] **************************************************************************************** 
2019-07-08 14:55:27,579 INFO  [Log] Opened Chrome 
2019-07-08 14:55:36,849 INFO  [Log] Hit flipkart.com 
2019-07-08 14:56:30,661 INFO  [Log] **************************************************************************************** 
2019-07-08 14:56:30,661 INFO  [Log] **************************************************************************************** 
2019-07-08 14:56:30,662 INFO  [Log] $$$$$$$$$$$$$$$$$$$$$                 TC_Login       $$$$$$$$$$$$$$$$$$$$$$$$$ 
2019-07-08 14:56:30,662 INFO  [Log] **************************************************************************************** 
2019-07-08 14:56:30,662 INFO  [Log] **************************************************************************************** 
2019-07-08 14:56:33,063 INFO  [Log] Opened Chrome 
2019-07-08 14:56:40,047 INFO  [Log] Hit flipkart.com 
2019-07-08 16:58:03,783 INFO  [Log] **************************************************************************************** 
2019-07-08 16:58:03,790 INFO  [Log] **************************************************************************************** 
2019-07-08 16:58:03,790 INFO  [Log] $$$$$$$$$$$$$$$$$$$$$                 TC_Login       $$$$$$$$$$$$$$$$$$$$$$$$$ 
2019-07-08 16:58:03,790 INFO  [Log] **************************************************************************************** 
2019-07-08 16:58:03,790 INFO  [Log] **************************************************************************************** 
2019-07-08 16:58:08,114 INFO  [Log] Opened Chrome 
2019-07-08 16:58:13,556 INFO  [Log] Hit flipkart.com 
2019-07-08 16:58:14,380 INFO  [Log] Enter Username webelement found 
2019-07-08 16:58:14,643 INFO  [Log] Enter Password webelement found 
2019-07-08 16:58:14,888 INFO  [Log] Login Button found 
2019-07-08 16:58:52,889 INFO  [Log] Clicked on My Profile section 
2019-07-08 16:58:55,123 INFO  [Log] Edit button found 
2019-07-08 16:58:56,347 INFO  [Log] First name text box found 
2019-07-08 16:58:56,525 INFO  [Log] Last name text box found 
2019-07-08 16:58:56,642 INFO  [Log] Save button found 
2019-07-08 17:01:08,071 INFO  [Log] **************************************************************************************** 
2019-07-08 17:01:08,071 INFO  [Log] **************************************************************************************** 
2019-07-08 17:01:08,072 INFO  [Log] $$$$$$$$$$$$$$$$$$$$$                 TC_Login       $$$$$$$$$$$$$$$$$$$$$$$$$ 
2019-07-08 17:01:08,072 INFO  [Log] **************************************************************************************** 
2019-07-08 17:01:08,072 INFO  [Log] **************************************************************************************** 
2019-07-08 17:01:10,100 INFO  [Log] Opened Chrome 
2019-07-08 17:01:24,587 INFO  [Log] Hit flipkart.com 
2019-07-08 17:01:24,813 INFO  [Log] **************************************************************************************** 
2019-07-08 17:01:24,813 INFO  [Log] **************************************************************************************** 
2019-07-08 17:01:24,813 INFO  [Log] $$$$$$$$$$$$$$$$$$$$$                 TC_Login       $$$$$$$$$$$$$$$$$$$$$$$$$ 
2019-07-08 17:01:24,813 INFO  [Log] **************************************************************************************** 
2019-07-08 17:01:24,813 INFO  [Log] **************************************************************************************** 
2019-07-08 17:01:25,881 INFO  [Log] Opened Chrome 
2019-07-08 17:01:43,615 INFO  [Log] Hit flipkart.com 
2019-07-08 17:01:44,233 INFO  [Log] Enter Username webelement found 
2019-07-08 17:01:44,233 INFO  [Log] Entered username 
2019-07-08 17:01:44,607 INFO  [Log] Enter Password webelement found 
2019-07-08 17:01:44,607 INFO  [Log] Entered password 
2019-07-08 17:01:44,909 INFO  [Log] Login Button found 
2019-07-08 17:01:44,909 INFO  [Log] Clicked on Login Button 
2019-07-08 17:01:51,388 INFO  [Log] Clicked on My Profile section 
2019-07-08 17:01:53,518 INFO  [Log] Edit button found 
2019-07-08 17:01:54,703 INFO  [Log] First name text box found 
2019-07-08 17:01:54,921 INFO  [Log] Last name text box found 
2019-07-08 17:01:55,033 INFO  [Log] Save button found 
2019-07-08 17:03:53,156 INFO  [Log] **************************************************************************************** 
2019-07-08 17:03:53,156 INFO  [Log] **************************************************************************************** 
2019-07-08 17:03:53,157 INFO  [Log] $$$$$$$$$$$$$$$$$$$$$                 TC_Login       $$$$$$$$$$$$$$$$$$$$$$$$$ 
2019-07-08 17:03:53,157 INFO  [Log] **************************************************************************************** 
2019-07-08 17:03:53,157 INFO  [Log] **************************************************************************************** 
2019-07-08 17:03:55,392 INFO  [Log] Opened Chrome 
2019-07-08 17:04:15,073 INFO  [Log] Hit flipkart.com 
2019-07-08 17:04:15,100 INFO  [Log] **************************************************************************************** 
2019-07-08 17:04:15,100 INFO  [Log] **************************************************************************************** 
2019-07-08 17:04:15,100 INFO  [Log] $$$$$$$$$$$$$$$$$$$$$                 TC_Login       $$$$$$$$$$$$$$$$$$$$$$$$$ 
2019-07-08 17:04:15,100 INFO  [Log] **************************************************************************************** 
2019-07-08 17:04:15,101 INFO  [Log] **************************************************************************************** 
2019-07-08 17:04:16,097 INFO  [Log] Opened Chrome 
2019-07-08 17:04:46,205 INFO  [Log] Hit flipkart.com 
2019-07-08 17:04:46,888 INFO  [Log] Enter Username webelement found 
2019-07-08 17:04:46,888 INFO  [Log] Entered username 
2019-07-08 17:04:47,175 INFO  [Log] Enter Password webelement found 
2019-07-08 17:04:47,175 INFO  [Log] Entered password 
2019-07-08 17:04:47,345 INFO  [Log] Login Button found 
2019-07-08 17:04:47,345 INFO  [Log] Clicked on Login Button 
2019-07-08 17:08:22,498 INFO  [Log] **************************************************************************************** 
2019-07-08 17:08:22,499 INFO  [Log] **************************************************************************************** 
2019-07-08 17:08:22,499 INFO  [Log] $$$$$$$$$$$$$$$$$$$$$                 TC_Login       $$$$$$$$$$$$$$$$$$$$$$$$$ 
2019-07-08 17:08:22,499 INFO  [Log] **************************************************************************************** 
2019-07-08 17:08:22,499 INFO  [Log] **************************************************************************************** 
2019-07-08 17:08:24,397 INFO  [Log] Opened Chrome 
2019-07-08 17:10:46,962 INFO  [Log] Hit flipkart.com 
2019-07-08 17:15:14,569 INFO  [Log] **************************************************************************************** 
2019-07-08 17:15:14,569 INFO  [Log] **************************************************************************************** 
2019-07-08 17:15:14,570 INFO  [Log] $$$$$$$$$$$$$$$$$$$$$                 TC_Login       $$$$$$$$$$$$$$$$$$$$$$$$$ 
2019-07-08 17:15:14,570 INFO  [Log] **************************************************************************************** 
2019-07-08 17:15:14,570 INFO  [Log] **************************************************************************************** 
2019-07-08 17:15:16,771 INFO  [Log] Opened Chrome 
2019-07-08 17:16:31,412 INFO  [Log] Hit flipkart.com 
2019-07-08 17:16:32,256 INFO  [Log] Enter Username webelement found 
2019-07-08 17:16:32,481 INFO  [Log] Enter Password webelement found 
2019-07-08 17:16:32,633 INFO  [Log] Login Button found 
2019-07-08 17:16:43,863 INFO  [Log] Enter Username webelement found 
2019-07-08 17:22:03,685 INFO  [Log] **************************************************************************************** 
2019-07-08 17:22:03,686 INFO  [Log] **************************************************************************************** 
2019-07-08 17:22:03,686 INFO  [Log] $$$$$$$$$$$$$$$$$$$$$                 TC_Login       $$$$$$$$$$$$$$$$$$$$$$$$$ 
2019-07-08 17:22:03,686 INFO  [Log] **************************************************************************************** 
2019-07-08 17:22:03,686 INFO  [Log] **************************************************************************************** 
2019-07-08 17:22:05,717 INFO  [Log] Opened Chrome 
2019-07-08 17:22:20,032 INFO  [Log] Hit flipkart.com 
2019-07-08 17:22:21,235 INFO  [Log] Enter Username webelement found 
2019-07-08 17:22:21,236 INFO  [Log] Entered username 
2019-07-08 17:22:21,536 INFO  [Log] Enter Password webelement found 
2019-07-08 17:22:21,536 INFO  [Log] Entered password 
2019-07-08 17:22:21,743 INFO  [Log] Login Button found 
2019-07-08 17:22:21,743 INFO  [Log] Clicked on Login Button 
2019-07-08 17:23:28,171 INFO  [Log] **************************************************************************************** 
2019-07-08 17:23:28,172 INFO  [Log] **************************************************************************************** 
2019-07-08 17:23:28,172 INFO  [Log] $$$$$$$$$$$$$$$$$$$$$                 TC_Login       $$$$$$$$$$$$$$$$$$$$$$$$$ 
2019-07-08 17:23:28,172 INFO  [Log] **************************************************************************************** 
2019-07-08 17:23:28,172 INFO  [Log] **************************************************************************************** 
2019-07-08 17:23:30,219 INFO  [Log] Opened Chrome 
2019-07-08 17:23:44,043 INFO  [Log] Hit flipkart.com 
2019-07-08 17:23:44,895 INFO  [Log] Enter Username webelement found 
2019-07-08 17:23:44,895 INFO  [Log] Entered username 
2019-07-08 17:23:45,181 INFO  [Log] Enter Password webelement found 
2019-07-08 17:23:45,181 INFO  [Log] Entered password 
2019-07-08 17:23:45,347 INFO  [Log] Login Button found 
2019-07-08 17:23:45,347 INFO  [Log] Clicked on Login Button 
2019-07-08 17:23:52,595 INFO  [Log] Clicked on My Profile section 
2019-07-08 17:23:54,993 INFO  [Log] Edit button found 
2019-07-08 17:23:56,181 INFO  [Log] First name text box found 
2019-07-08 17:23:56,395 INFO  [Log] Last name text box found 
2019-07-08 17:23:56,540 INFO  [Log] Save button found 
2019-07-08 17:25:06,620 INFO  [Log] **************************************************************************************** 
2019-07-08 17:25:06,620 INFO  [Log] **************************************************************************************** 
2019-07-08 17:25:06,620 INFO  [Log] $$$$$$$$$$$$$$$$$$$$$                 TC_Login       $$$$$$$$$$$$$$$$$$$$$$$$$ 
2019-07-08 17:25:06,621 INFO  [Log] **************************************************************************************** 
2019-07-08 17:25:06,621 INFO  [Log] **************************************************************************************** 
2019-07-08 17:25:08,690 INFO  [Log] Opened Chrome 
2019-07-08 17:25:20,043 INFO  [Log] Hit flipkart.com 
2019-07-08 17:25:21,002 INFO  [Log] Enter Username webelement found 
2019-07-08 17:25:21,255 INFO  [Log] Enter Password webelement found 
2019-07-08 17:25:21,441 INFO  [Log] Login Button found 
2019-07-08 17:25:21,468 INFO  [Log] **************************************************************************************** 
2019-07-08 17:25:21,468 INFO  [Log] **************************************************************************************** 
2019-07-08 17:25:21,468 INFO  [Log] $$$$$$$$$$$$$$$$$$$$$                 TC_Login       $$$$$$$$$$$$$$$$$$$$$$$$$ 
2019-07-08 17:25:21,468 INFO  [Log] **************************************************************************************** 
2019-07-08 17:25:21,469 INFO  [Log] **************************************************************************************** 
2019-07-08 17:25:22,629 INFO  [Log] Opened Chrome 
2019-07-08 17:25:35,632 INFO  [Log] Hit flipkart.com 
2019-07-08 17:25:35,954 INFO  [Log] Enter Username webelement found 
2019-07-08 17:25:36,278 INFO  [Log] Enter Password webelement found 
2019-07-08 17:25:36,487 INFO  [Log] Login Button found 
2019-07-08 17:25:36,531 INFO  [Log] **************************************************************************************** 
2019-07-08 17:25:36,531 INFO  [Log] **************************************************************************************** 
2019-07-08 17:25:36,531 INFO  [Log] $$$$$$$$$$$$$$$$$$$$$                 TC_Login       $$$$$$$$$$$$$$$$$$$$$$$$$ 
2019-07-08 17:25:36,531 INFO  [Log] **************************************************************************************** 
2019-07-08 17:25:36,531 INFO  [Log] **************************************************************************************** 
2019-07-08 17:25:37,990 INFO  [Log] Opened Chrome 
2019-07-08 17:26:00,891 INFO  [Log] Hit flipkart.com 
2019-07-08 17:26:01,167 INFO  [Log] Enter Username webelement found 
2019-07-08 17:26:01,502 INFO  [Log] Enter Password webelement found 
2019-07-08 17:26:01,685 INFO  [Log] Login Button found 
2019-07-08 17:26:19,520 INFO  [Log] **************************************************************************************** 
2019-07-08 17:26:19,521 INFO  [Log] **************************************************************************************** 
2019-07-08 17:26:19,521 INFO  [Log] $$$$$$$$$$$$$$$$$$$$$                 TC_Login       $$$$$$$$$$$$$$$$$$$$$$$$$ 
2019-07-08 17:26:19,521 INFO  [Log] **************************************************************************************** 
2019-07-08 17:26:19,521 INFO  [Log] **************************************************************************************** 
2019-07-08 17:26:21,575 INFO  [Log] Opened Chrome 
2019-07-08 17:26:32,533 INFO  [Log] Hit flipkart.com 
2019-07-08 17:26:33,579 INFO  [Log] Enter Username webelement found 
2019-07-08 17:26:33,821 INFO  [Log] Enter Password webelement found 
2019-07-08 17:26:34,047 INFO  [Log] Login Button found 
2019-07-08 17:26:34,084 INFO  [Log] **************************************************************************************** 
2019-07-08 17:26:34,084 INFO  [Log] **************************************************************************************** 
2019-07-08 17:26:34,084 INFO  [Log] $$$$$$$$$$$$$$$$$$$$$                 TC_Login       $$$$$$$$$$$$$$$$$$$$$$$$$ 
2019-07-08 17:26:34,084 INFO  [Log] **************************************************************************************** 
2019-07-08 17:26:34,084 INFO  [Log] **************************************************************************************** 
2019-07-08 17:26:35,662 INFO  [Log] Opened Chrome 
2019-07-08 17:26:50,203 INFO  [Log] Hit flipkart.com 
2019-07-08 17:26:50,567 INFO  [Log] Enter Username webelement found 
2019-07-08 17:26:50,794 INFO  [Log] Enter Password webelement found 
2019-07-08 17:26:50,966 INFO  [Log] Login Button found 
2019-07-08 17:26:50,999 INFO  [Log] **************************************************************************************** 
2019-07-08 17:26:50,999 INFO  [Log] **************************************************************************************** 
2019-07-08 17:26:50,999 INFO  [Log] $$$$$$$$$$$$$$$$$$$$$                 TC_Login       $$$$$$$$$$$$$$$$$$$$$$$$$ 
2019-07-08 17:26:50,999 INFO  [Log] **************************************************************************************** 
2019-07-08 17:26:50,999 INFO  [Log] **************************************************************************************** 
2019-07-08 17:26:52,218 INFO  [Log] Opened Chrome 
2019-07-08 17:27:11,013 INFO  [Log] Hit flipkart.com 
2019-07-08 17:27:11,372 INFO  [Log] Enter Username webelement found 
2019-07-08 17:27:11,669 INFO  [Log] Enter Password webelement found 
2019-07-08 17:27:11,872 INFO  [Log] Login Button found 
2019-07-08 17:27:57,017 INFO  [Log] **************************************************************************************** 
2019-07-08 17:27:57,018 INFO  [Log] **************************************************************************************** 
2019-07-08 17:27:57,018 INFO  [Log] $$$$$$$$$$$$$$$$$$$$$                 TC_Login       $$$$$$$$$$$$$$$$$$$$$$$$$ 
2019-07-08 17:27:57,018 INFO  [Log] **************************************************************************************** 
2019-07-08 17:27:57,018 INFO  [Log] **************************************************************************************** 
2019-07-08 17:27:59,263 INFO  [Log] Opened Chrome 
2019-07-08 17:28:16,803 INFO  [Log] Hit flipkart.com 
2019-07-08 17:28:17,999 INFO  [Log] Enter Username webelement found 
2019-07-08 17:28:18,335 INFO  [Log] Enter Password webelement found 
2019-07-08 17:28:18,544 INFO  [Log] Login Button found 
2019-07-08 17:28:18,569 INFO  [Log] **************************************************************************************** 
2019-07-08 17:28:18,570 INFO  [Log] **************************************************************************************** 
2019-07-08 17:28:18,570 INFO  [Log] $$$$$$$$$$$$$$$$$$$$$                 TC_Login       $$$$$$$$$$$$$$$$$$$$$$$$$ 
2019-07-08 17:28:18,570 INFO  [Log] **************************************************************************************** 
2019-07-08 17:28:18,570 INFO  [Log] **************************************************************************************** 
2019-07-08 17:28:19,805 INFO  [Log] Opened Chrome 
2019-07-08 17:28:35,532 INFO  [Log] Hit flipkart.com 
2019-07-08 17:28:35,884 INFO  [Log] Enter Username webelement found 
2019-07-08 17:28:36,112 INFO  [Log] Enter Password webelement found 
2019-07-08 17:28:36,341 INFO  [Log] Login Button found 
2019-07-08 17:28:36,394 INFO  [Log] **************************************************************************************** 
2019-07-08 17:28:36,394 INFO  [Log] **************************************************************************************** 
2019-07-08 17:28:36,395 INFO  [Log] $$$$$$$$$$$$$$$$$$$$$                 TC_Login       $$$$$$$$$$$$$$$$$$$$$$$$$ 
2019-07-08 17:28:36,395 INFO  [Log] **************************************************************************************** 
2019-07-08 17:28:36,395 INFO  [Log] **************************************************************************************** 
2019-07-08 17:28:37,804 INFO  [Log] Opened Chrome 
2019-07-08 17:28:56,341 INFO  [Log] Hit flipkart.com 
2019-07-08 17:28:56,749 INFO  [Log] Enter Username webelement found 
2019-07-08 17:28:57,201 INFO  [Log] Enter Password webelement found 
2019-07-08 17:28:57,727 INFO  [Log] Login Button found 
2019-07-08 17:29:08,651 INFO  [Log] Clicked on My Profile section 
2019-07-08 17:29:26,849 INFO  [Log] Edit button found 
2019-07-08 17:29:28,094 INFO  [Log] First name text box found 
2019-07-08 17:29:28,473 INFO  [Log] Last name text box found 
2019-07-08 17:29:28,632 INFO  [Log] Save button found 
2019-07-08 17:33:21,850 INFO  [Log] **************************************************************************************** 
2019-07-08 17:33:21,851 INFO  [Log] **************************************************************************************** 
2019-07-08 17:33:21,851 INFO  [Log] $$$$$$$$$$$$$$$$$$$$$                 TC_Login       $$$$$$$$$$$$$$$$$$$$$$$$$ 
2019-07-08 17:33:21,851 INFO  [Log] **************************************************************************************** 
2019-07-08 17:33:21,852 INFO  [Log] **************************************************************************************** 
2019-07-08 17:33:25,901 INFO  [Log] Opened Chrome 
2019-07-08 17:33:44,822 INFO  [Log] Hit flipkart.com 
2019-07-08 17:33:45,635 INFO  [Log] Enter Username webelement found 
2019-07-08 17:33:45,878 INFO  [Log] Enter Password webelement found 
2019-07-08 17:33:46,048 INFO  [Log] Login Button found 
2019-07-08 17:33:46,074 INFO  [Log] **************************************************************************************** 
2019-07-08 17:33:46,074 INFO  [Log] **************************************************************************************** 
2019-07-08 17:33:46,075 INFO  [Log] $$$$$$$$$$$$$$$$$$$$$                 TC_Login       $$$$$$$$$$$$$$$$$$$$$$$$$ 
2019-07-08 17:33:46,075 INFO  [Log] **************************************************************************************** 
2019-07-08 17:33:46,075 INFO  [Log] **************************************************************************************** 
2019-07-08 17:33:47,251 INFO  [Log] Opened Chrome 
2019-07-08 17:34:34,454 INFO  [Log] Hit flipkart.com 
2019-07-08 17:34:34,790 INFO  [Log] Enter Username webelement found 
2019-07-08 17:34:35,009 INFO  [Log] Enter Password webelement found 
2019-07-08 17:34:35,231 INFO  [Log] Login Button found 
2019-07-08 17:34:35,270 INFO  [Log] **************************************************************************************** 
2019-07-08 17:34:35,270 INFO  [Log] **************************************************************************************** 
2019-07-08 17:34:35,270 INFO  [Log] $$$$$$$$$$$$$$$$$$$$$                 TC_Login       $$$$$$$$$$$$$$$$$$$$$$$$$ 
2019-07-08 17:34:35,270 INFO  [Log] **************************************************************************************** 
2019-07-08 17:34:35,270 INFO  [Log] **************************************************************************************** 
2019-07-08 17:34:36,451 INFO  [Log] Opened Chrome 
2019-07-08 17:35:03,303 INFO  [Log] Hit flipkart.com 
2019-07-08 17:35:03,606 INFO  [Log] Enter Username webelement found 
2019-07-08 17:35:04,030 INFO  [Log] Enter Password webelement found 
2019-07-08 17:35:04,232 INFO  [Log] Login Button found 
2019-07-08 17:35:10,395 INFO  [Log] Clicked on My Profile section 
2019-07-08 17:35:15,494 INFO  [Log] Edit button found 
2019-07-08 17:35:16,806 INFO  [Log] First name text box found 
2019-07-08 17:35:17,159 INFO  [Log] Last name text box found 
2019-07-08 17:35:17,291 INFO  [Log] Save button found 
2019-07-08 17:52:33,534 INFO  [Log] **************************************************************************************** 
2019-07-08 17:52:33,534 INFO  [Log] **************************************************************************************** 
2019-07-08 17:52:33,534 INFO  [Log] $$$$$$$$$$$$$$$$$$$$$                 TC_Login       $$$$$$$$$$$$$$$$$$$$$$$$$ 
2019-07-08 17:52:33,534 INFO  [Log] **************************************************************************************** 
2019-07-08 17:52:33,534 INFO  [Log] **************************************************************************************** 
2019-07-08 17:52:35,647 INFO  [Log] Opened Chrome 
2019-07-08 17:52:45,962 INFO  [Log] Hit flipkart.com 
2019-07-08 17:52:45,983 INFO  [Log] **************************************************************************************** 
2019-07-08 17:52:45,983 INFO  [Log] **************************************************************************************** 
2019-07-08 17:52:45,983 INFO  [Log] $$$$$$$$$$$$$$$$$$$$$                 TC_Login       $$$$$$$$$$$$$$$$$$$$$$$$$ 
2019-07-08 17:52:45,983 INFO  [Log] **************************************************************************************** 
2019-07-08 17:52:45,983 INFO  [Log] **************************************************************************************** 
2019-07-08 17:53:02,351 INFO  [Log] Opened Chrome 
2019-07-08 17:53:06,706 INFO  [Log] Hit flipkart.com 
2019-07-08 17:53:30,983 INFO  [Log] **************************************************************************************** 
2019-07-08 17:53:30,984 INFO  [Log] **************************************************************************************** 
2019-07-08 17:53:30,984 INFO  [Log] $$$$$$$$$$$$$$$$$$$$$                 TC_Login       $$$$$$$$$$$$$$$$$$$$$$$$$ 
2019-07-08 17:53:30,984 INFO  [Log] **************************************************************************************** 
2019-07-08 17:53:30,984 INFO  [Log] **************************************************************************************** 
2019-07-08 17:53:33,066 INFO  [Log] Opened Chrome 
2019-07-08 17:54:02,381 INFO  [Log] Hit flipkart.com 
2019-07-08 17:54:02,422 INFO  [Log] **************************************************************************************** 
2019-07-08 17:54:02,422 INFO  [Log] **************************************************************************************** 
2019-07-08 17:54:02,422 INFO  [Log] $$$$$$$$$$$$$$$$$$$$$                 TC_Login       $$$$$$$$$$$$$$$$$$$$$$$$$ 
2019-07-08 17:54:02,422 INFO  [Log] **************************************************************************************** 
2019-07-08 17:54:02,422 INFO  [Log] **************************************************************************************** 
2019-07-08 17:54:08,844 INFO  [Log] Opened Chrome 
2019-07-08 17:55:12,429 INFO  [Log] Hit flipkart.com 
2019-07-08 17:56:07,392 INFO  [Log] **************************************************************************************** 
2019-07-08 17:56:07,392 INFO  [Log] **************************************************************************************** 
2019-07-08 17:56:07,392 INFO  [Log] $$$$$$$$$$$$$$$$$$$$$                 TC_Login       $$$$$$$$$$$$$$$$$$$$$$$$$ 
2019-07-08 17:56:07,393 INFO  [Log] **************************************************************************************** 
2019-07-08 17:56:07,393 INFO  [Log] **************************************************************************************** 
2019-07-08 17:56:09,433 INFO  [Log] Opened Chrome 
2019-07-08 17:56:22,875 INFO  [Log] Hit flipkart.com 
2019-07-08 17:56:22,892 INFO  [Log] **************************************************************************************** 
2019-07-08 17:56:22,892 INFO  [Log] **************************************************************************************** 
2019-07-08 17:56:22,892 INFO  [Log] $$$$$$$$$$$$$$$$$$$$$                 TC_Login       $$$$$$$$$$$$$$$$$$$$$$$$$ 
2019-07-08 17:56:22,892 INFO  [Log] **************************************************************************************** 
2019-07-08 17:56:22,892 INFO  [Log] **************************************************************************************** 
2019-07-08 17:56:29,120 INFO  [Log] Opened Chrome 
2019-07-08 17:56:30,686 INFO  [Log] Hit flipkart.com 
2019-07-18 22:39:31,690 INFO  [Log] **************************************************************************************** 
2019-07-18 22:39:31,702 INFO  [Log] **************************************************************************************** 
2019-07-18 22:39:31,702 INFO  [Log] $$$$$$$$$$$$$$$$$$$$$                 TC_Login       $$$$$$$$$$$$$$$$$$$$$$$$$ 
2019-07-18 22:39:31,702 INFO  [Log] **************************************************************************************** 
2019-07-18 22:39:31,702 INFO  [Log] **************************************************************************************** 
2019-07-18 22:39:35,128 INFO  [Log] Opened Chrome 
2019-07-18 22:39:39,179 INFO  [Log] Hit flipkart.com 
2019-07-18 22:39:39,198 INFO  [Log] **************************************************************************************** 
2019-07-18 22:39:39,198 INFO  [Log] **************************************************************************************** 
2019-07-18 22:39:39,198 INFO  [Log] $$$$$$$$$$$$$$$$$$$$$                 TC_Login       $$$$$$$$$$$$$$$$$$$$$$$$$ 
2019-07-18 22:39:39,198 INFO  [Log] **************************************************************************************** 
2019-07-18 22:39:39,199 INFO  [Log] **************************************************************************************** 
2019-07-18 22:39:56,240 INFO  [Log] Opened Chrome 
2019-07-18 22:40:07,562 INFO  [Log] Hit flipkart.com 
2019-07-18 22:40:08,382 INFO  [Log] Enter Username webelement found 
2019-07-18 22:40:08,382 INFO  [Log] Entered username 
2019-07-18 22:40:08,541 INFO  [Log] Enter Password webelement found 
2019-07-18 22:40:08,542 INFO  [Log] Entered password 
2019-07-18 22:40:13,742 INFO  [Log] Login Button found 
2019-07-18 22:40:13,742 INFO  [Log] Clicked on Login Button 
